{"numFailedTestSuites":0,"numFailedTests":0,"numPassedTestSuites":9,"numPassedTests":56,"numPendingTestSuites":0,"numPendingTests":0,"numRuntimeErrorTestSuites":0,"numTodoTests":0,"numTotalTestSuites":9,"numTotalTests":56,"openHandles":[],"snapshot":{"added":0,"didUpdate":false,"failure":false,"filesAdded":0,"filesRemoved":0,"filesRemovedList":[],"filesUnmatched":0,"filesUpdated":0,"matched":0,"total":0,"unchecked":0,"uncheckedKeysByFile":[],"unmatched":0,"updated":0},"startTime":1574696373162,"success":true,"testResults":[{"assertionResults":[{"ancestorTitles":[],"failureMessages":[],"fullName":"should have data attribute","location":null,"status":"passed","title":"should have data attribute"},{"ancestorTitles":[],"failureMessages":[],"fullName":"Loads and dispay Share Utility props","location":null,"status":"passed","title":"Loads and dispay Share Utility props"},{"ancestorTitles":[],"failureMessages":[],"fullName":"should handle click event","location":null,"status":"passed","title":"should handle click event"},{"ancestorTitles":[],"failureMessages":[],"fullName":"should call pdf function with click","location":null,"status":"passed","title":"should call pdf function with click"},{"ancestorTitles":[],"failureMessages":[],"fullName":"should call pdf function with click with pdf url is given","location":null,"status":"passed","title":"should call pdf function with click with pdf url is given"},{"ancestorTitles":[],"failureMessages":[],"fullName":"should call pdf function with key press","location":null,"status":"passed","title":"should call pdf function with key press"},{"ancestorTitles":[],"failureMessages":[],"fullName":"should call pdf function with key press with pdf url is given","location":null,"status":"passed","title":"should call pdf function with key press with pdf url is given"},{"ancestorTitles":[],"failureMessages":[],"fullName":"should handle Error and Warning","location":null,"status":"passed","title":"should handle Error and Warning"},{"ancestorTitles":[],"failureMessages":[],"fullName":"should display default tooltip message","location":null,"status":"passed","title":"should display default tooltip message"},{"ancestorTitles":[],"failureMessages":[],"fullName":"should display give tooltip message","location":null,"status":"passed","title":"should display give tooltip message"}],"endTime":1574696398148,"message":"","name":"C:\\Users\\cborkar\\Documents\\work\\v3\\captivate-common-lib\\__tests__\\components\\ShareUtility.test.js","startTime":1574696382103,"status":"passed","summary":""},{"assertionResults":[{"ancestorTitles":[],"failureMessages":[],"fullName":"Loads and dispay only one author in header","location":null,"status":"passed","title":"Loads and dispay only one author in header"},{"ancestorTitles":[],"failureMessages":[],"fullName":"Loads and dispay single Authors block for header","location":null,"status":"passed","title":"Loads and dispay single Authors block for header"},{"ancestorTitles":[],"failureMessages":[],"fullName":"Loads and dispay only one author block","location":null,"status":"passed","title":"Loads and dispay only one author block"},{"ancestorTitles":[],"failureMessages":[],"fullName":"Loads and dispay single Authors block","location":null,"status":"passed","title":"Loads and dispay single Authors block"},{"ancestorTitles":[],"failureMessages":[],"fullName":"Loads and dispay Multiple Authors block for header","location":null,"status":"passed","title":"Loads and dispay Multiple Authors block for header"},{"ancestorTitles":[],"failureMessages":[],"fullName":"Loads and dispay multiple Authors block props for header","location":null,"status":"passed","title":"Loads and dispay multiple Authors block props for header"},{"ancestorTitles":[],"failureMessages":[],"fullName":"Loads and dispay Multiple Authors block","location":null,"status":"passed","title":"Loads and dispay Multiple Authors block"},{"ancestorTitles":[],"failureMessages":[],"fullName":"Loads and dispay Multiple Authors block props","location":null,"status":"passed","title":"Loads and dispay Multiple Authors block props"},{"ancestorTitles":[],"failureMessages":[],"fullName":"Click events","location":null,"status":"passed","title":"Click events"},{"ancestorTitles":[],"failureMessages":[],"fullName":"Click events","location":null,"status":"passed","title":"Click events"},{"ancestorTitles":[],"failureMessages":[],"fullName":"Author Tooltips","location":null,"status":"passed","title":"Author Tooltips"},{"ancestorTitles":[],"failureMessages":[],"fullName":"Key press events","location":null,"status":"passed","title":"Key press events"},{"ancestorTitles":[],"failureMessages":[],"fullName":"Key press events","location":null,"status":"passed","title":"Key press events"},{"ancestorTitles":[],"failureMessages":[],"fullName":"should handle Error and Warning","location":null,"status":"passed","title":"should handle Error and Warning"},{"ancestorTitles":[],"failureMessages":[],"fullName":"should render placeholder classes","location":null,"status":"passed","title":"should render placeholder classes"},{"ancestorTitles":[],"failureMessages":[],"fullName":"should render placeholder classes","location":null,"status":"passed","title":"should render placeholder classes"}],"endTime":1574696398391,"message":"","name":"C:\\Users\\cborkar\\Documents\\work\\v3\\captivate-common-lib\\__tests__\\components\\Authors.test.js","startTime":1574696382277,"status":"passed","summary":""},{"assertionResults":[{"ancestorTitles":[],"failureMessages":[],"fullName":"Loads and dispay webinar Promotional Block props","location":null,"status":"passed","title":"Loads and dispay webinar Promotional Block props"},{"ancestorTitles":[],"failureMessages":[],"fullName":"Loads and dispay Twitter Promotional Block props","location":null,"status":"passed","title":"Loads and dispay Twitter Promotional Block props"},{"ancestorTitles":[],"failureMessages":[],"fullName":"Loads and dispay Find your rep Promotional Block props","location":null,"status":"passed","title":"Loads and dispay Find your rep Promotional Block props"},{"ancestorTitles":[],"failureMessages":[],"fullName":"Loads and dispay newsLetter Promotional Block props","location":null,"status":"passed","title":"Loads and dispay newsLetter Promotional Block props"},{"ancestorTitles":[],"failureMessages":[],"fullName":"Loads and dispay special collection Promotional Block props","location":null,"status":"passed","title":"Loads and dispay special collection Promotional Block props"},{"ancestorTitles":[],"failureMessages":[],"fullName":"should handle Error and Warning","location":null,"status":"passed","title":"should handle Error and Warning"}],"endTime":1574696398887,"message":"","name":"C:\\Users\\cborkar\\Documents\\work\\v3\\captivate-common-lib\\__tests__\\components\\PromotionalBlock.test.js","startTime":1574696383224,"status":"passed","summary":""},{"assertionResults":[{"ancestorTitles":[],"failureMessages":[],"fullName":"Loads and dispay header and subheader","location":null,"status":"passed","title":"Loads and dispay header and subheader"},{"ancestorTitles":[],"failureMessages":[],"fullName":"should call redirection function with key press and google analytics event","location":null,"status":"passed","title":"should call redirection function with key press and google analytics event"},{"ancestorTitles":[],"failureMessages":[],"fullName":"should handle Error and Warning","location":null,"status":"passed","title":"should handle Error and Warning"}],"endTime":1574696400340,"message":"","name":"C:\\Users\\cborkar\\Documents\\work\\v3\\captivate-common-lib\\__tests__\\components\\RoleSelector.test.js","startTime":1574696398683,"status":"passed","summary":""},{"assertionResults":[{"ancestorTitles":[],"failureMessages":[],"fullName":"Loads article summary","location":null,"status":"passed","title":"Loads article summary"},{"ancestorTitles":[],"failureMessages":[],"fullName":"Loads and dispay webinar Promotional Block props","location":null,"status":"passed","title":"Loads and dispay webinar Promotional Block props"},{"ancestorTitles":[],"failureMessages":[],"fullName":"should handle Error and Warning","location":null,"status":"passed","title":"should handle Error and Warning"},{"ancestorTitles":[],"failureMessages":[],"fullName":"should render desktop classes","location":null,"status":"passed","title":"should render desktop classes"}],"endTime":1574696400539,"message":"","name":"C:\\Users\\cborkar\\Documents\\work\\v3\\captivate-common-lib\\__tests__\\components\\recommendedForYou.test.js","startTime":1574696398890,"status":"passed","summary":""},{"assertionResults":[{"ancestorTitles":[],"failureMessages":[],"fullName":"Loads and dispay article props","location":null,"status":"passed","title":"Loads and dispay article props"},{"ancestorTitles":[],"failureMessages":[],"fullName":"should call redirection function with click","location":null,"status":"passed","title":"should call redirection function with click"},{"ancestorTitles":[],"failureMessages":[],"fullName":"should call redirection function with key press","location":null,"status":"passed","title":"should call redirection function with key press"},{"ancestorTitles":[],"failureMessages":[],"fullName":"should handle Error and Warning","location":null,"status":"passed","title":"should handle Error and Warning"},{"ancestorTitles":[],"failureMessages":[],"fullName":"should render desktop classes","location":null,"status":"passed","title":"should render desktop classes"}],"endTime":1574696400847,"message":"","name":"C:\\Users\\cborkar\\Documents\\work\\v3\\captivate-common-lib\\__tests__\\components\\ArticleHeader.test.js","startTime":1574696399335,"status":"passed","summary":""},{"assertionResults":[{"ancestorTitles":[],"failureMessages":[],"fullName":"Loads FlyoutAction","location":null,"status":"passed","title":"Loads FlyoutAction"},{"ancestorTitles":[],"failureMessages":[],"fullName":"Places title prop in the correct location","location":null,"status":"passed","title":"Places title prop in the correct location"},{"ancestorTitles":[],"failureMessages":[],"fullName":"Places description prop in the correct location","location":null,"status":"passed","title":"Places description prop in the correct location"},{"ancestorTitles":[],"failureMessages":[],"fullName":"Places positiveText prop in the correct location","location":null,"status":"passed","title":"Places positiveText prop in the correct location"},{"ancestorTitles":[],"failureMessages":[],"fullName":"Places negativeText prop in the correct location","location":null,"status":"passed","title":"Places negativeText prop in the correct location"},{"ancestorTitles":[],"failureMessages":[],"fullName":"Does not render negative button when negativeText is undefined","location":null,"status":"passed","title":"Does not render negative button when negativeText is undefined"}],"endTime":1574696402080,"message":"","name":"C:\\Users\\cborkar\\Documents\\work\\v3\\captivate-common-lib\\__tests__\\components\\FlyoutAction.test.js","startTime":1574696400700,"status":"passed","summary":""},{"assertionResults":[{"ancestorTitles":[],"failureMessages":[],"fullName":"Loads GeoSelector","location":null,"status":"passed","title":"Loads GeoSelector"},{"ancestorTitles":[],"failureMessages":[],"fullName":"Loads GeoSelector Options is proper length","location":null,"status":"passed","title":"Loads GeoSelector Options is proper length"},{"ancestorTitles":[],"failureMessages":[],"fullName":"Properly provide styles based on react-select state in control","location":null,"status":"passed","title":"Properly provide styles based on react-select state in control"},{"ancestorTitles":[],"failureMessages":[],"fullName":"Properly provide styles based on react-select state in menuList","location":null,"status":"passed","title":"Properly provide styles based on react-select state in menuList"}],"endTime":1574696402265,"message":"","name":"C:\\Users\\cborkar\\Documents\\work\\v3\\captivate-common-lib\\__tests__\\components\\GeoSelector.test.js","startTime":1574696401337,"status":"passed","summary":""},{"assertionResults":[{"ancestorTitles":[],"failureMessages":[],"fullName":"Loads and dispay Video Component props","location":null,"status":"passed","title":"Loads and dispay Video Component props"},{"ancestorTitles":[],"failureMessages":[],"fullName":"should handle Error and Warning","location":null,"status":"passed","title":"should handle Error and Warning"}],"endTime":1574696402336,"message":"","name":"C:\\Users\\cborkar\\Documents\\work\\v3\\captivate-common-lib\\__tests__\\components\\VideoComponent.test.js","startTime":1574696400913,"status":"passed","summary":""}],"wasInterrupted":false}